<?xml version="1.0" encoding="UTF-8"?>
<testng-results ignored="0" total="1" passed="1" failed="0" skipped="0">
  <reporter-output>
  </reporter-output>
  <suite started-at="2023-06-21T10:44:11 EDT" name="Default suite" finished-at="2023-06-21T10:44:11 EDT" duration-ms="30">
    <groups>
    </groups>
    <test started-at="2023-06-21T10:44:11 EDT" name="Default test" finished-at="2023-06-21T10:44:11 EDT" duration-ms="30">
      <class name="myTestPackage.HelloWorldTestNg">
        <test-method signature="sampleTest()[pri:0, instance:myTestPackage.HelloWorldTestNg@41e36e46]" started-at="2023-06-21T10:44:11 EDT" name="sampleTest" finished-at="2023-06-21T10:44:11 EDT" duration-ms="7" status="PASS">
          <reporter-output>
          </reporter-output>
        </test-method> <!-- sampleTest -->
      </class> <!-- myTestPackage.HelloWorldTestNg -->
    </test> <!-- Default test -->
  </suite> <!-- Default suite -->
</testng-results>
